2019-02-17 12:26:36.630  INFO 2792 --- [main] c.p.a.ParkingLotSystemApplication        : Starting ParkingLotSystemApplication on WKWIN1612839 with PID 2792 (D:\Assignment\ParkingLot\ParkingLotSystem\target\classes started by suryadav0 in D:\Assignment\ParkingLot\ParkingLotSystem)
2019-02-17 12:26:36.633  INFO 2792 --- [main] c.p.a.ParkingLotSystemApplication        : No active profile set, falling back to default profiles: default
2019-02-17 12:26:37.620  INFO 2792 --- [main] .s.d.r.c.RepositoryConfigurationDelegate : Multiple Spring Data modules found, entering strict repository configuration mode!
2019-02-17 12:26:37.623  INFO 2792 --- [main] .s.d.r.c.RepositoryConfigurationDelegate : Bootstrapping Spring Data repositories in DEFAULT mode.
2019-02-17 12:26:37.653  INFO 2792 --- [main] .s.d.r.c.RepositoryConfigurationDelegate : Finished Spring Data repository scanning in 16ms. Found 0 repository interfaces.
2019-02-17 12:26:38.592  INFO 2792 --- [main] o.s.b.w.embedded.tomcat.TomcatWebServer  : Tomcat initialized with port(s): 8080 (http)
2019-02-17 12:26:38.629  INFO 2792 --- [main] o.apache.catalina.core.StandardService   : Starting service [Tomcat]
2019-02-17 12:26:38.630  INFO 2792 --- [main] org.apache.catalina.core.StandardEngine  : Starting Servlet engine: [Apache Tomcat/9.0.16]
2019-02-17 12:26:38.642  INFO 2792 --- [main] o.a.catalina.core.AprLifecycleListener   : The APR based Apache Tomcat Native library which allows optimal performance in production environments was not found on the java.library.path: [C:\Program Files\Java\jre1.8.0_181\bin;C:\windows\Sun\Java\bin;C:\windows\system32;C:\windows;C:/Program Files/Java/jre1.8.0_181/bin/server;C:/Program Files/Java/jre1.8.0_181/bin;C:/Program Files/Java/jre1.8.0_181/lib/amd64;C:\ProgramData\Oracle\Java\javapath;C:\Program Files (x86)\Common Files\Oracle\Java\javapath;C:\windows\system32;C:\windows;C:\windows\System32\Wbem;C:\windows\System32\WindowsPowerShell\v1.0\;C:\Program Files\Intel\WiFi\bin\;C:\Program Files\Common Files\Intel\WirelessCommon\;C:\windows\System32\WindowsPowerShell\v1.0\;C:\Program Files (x86)\Brackets\command;C:\ProgramData\chocolatey\bin;C:\windows\System32\WindowsPowerShell\v1.0\;C:\Program Files\Java\jdk1.8.0_161\bin;C:\Program Files\Apache\maven\apache-maven-3.5.3\bin;C:\Gradle\gradle-4.8\bin;C:\Spark\bin;C:\Program Files\nodejs\;C:\Program Files\Git\cmd;C:\windows\System32\WindowsPowerShell\v1.0\;C:\Program Files\MySQL\MySQL Utilities 1.6\;C:\Users\syad50\AppData\Local\atom\bin;C:\Users\syad50\AppData\Roaming\npm;C:\Users\syad50\Desktop;;.]
2019-02-17 12:26:38.800  INFO 2792 --- [main] o.a.c.c.C.[Tomcat].[localhost].[/]       : Initializing Spring embedded WebApplicationContext
2019-02-17 12:26:38.800  INFO 2792 --- [main] o.s.web.context.ContextLoader            : Root WebApplicationContext: initialization completed in 2092 ms
2019-02-17 12:26:39.285  INFO 2792 --- [main] o.s.s.concurrent.ThreadPoolTaskExecutor  : Initializing ExecutorService 'applicationTaskExecutor'
2019-02-17 12:26:39.831  INFO 2792 --- [main] o.s.b.w.embedded.tomcat.TomcatWebServer  : Tomcat started on port(s): 8080 (http) with context path ''
2019-02-17 12:26:39.834  INFO 2792 --- [main] c.p.a.ParkingLotSystemApplication        : Started ParkingLotSystemApplication in 3.682 seconds (JVM running for 4.207)
2019-02-17 12:26:39.837  INFO 2792 --- [main] c.p.a.ParkingLotSystemApplication        : App Started
2019-02-17 12:26:39.838  INFO 2792 --- [main] c.p.a.ParkingLotSystemApplication        : Info level log message
2019-02-17 12:26:39.838 ERROR 2792 --- [main] c.p.a.ParkingLotSystemApplication        : Error level log message
2019-02-17 12:29:23.496  INFO 16972 --- [main] c.p.a.ParkingLotSystemApplication        : Starting ParkingLotSystemApplication on WKWIN1612839 with PID 16972 (D:\Assignment\ParkingLot\ParkingLotSystem\target\classes started by suryadav0 in D:\Assignment\ParkingLot\ParkingLotSystem)
2019-02-17 12:29:23.502  INFO 16972 --- [main] c.p.a.ParkingLotSystemApplication        : No active profile set, falling back to default profiles: default
2019-02-17 12:29:24.456  INFO 16972 --- [main] .s.d.r.c.RepositoryConfigurationDelegate : Multiple Spring Data modules found, entering strict repository configuration mode!
2019-02-17 12:29:24.459  INFO 16972 --- [main] .s.d.r.c.RepositoryConfigurationDelegate : Bootstrapping Spring Data repositories in DEFAULT mode.
2019-02-17 12:29:24.501  INFO 16972 --- [main] .s.d.r.c.RepositoryConfigurationDelegate : Finished Spring Data repository scanning in 26ms. Found 0 repository interfaces.
2019-02-17 12:29:25.547  INFO 16972 --- [main] o.s.b.w.embedded.tomcat.TomcatWebServer  : Tomcat initialized with port(s): 8080 (http)
2019-02-17 12:29:25.582  INFO 16972 --- [main] o.apache.catalina.core.StandardService   : Starting service [Tomcat]
2019-02-17 12:29:25.583  INFO 16972 --- [main] org.apache.catalina.core.StandardEngine  : Starting Servlet engine: [Apache Tomcat/9.0.16]
2019-02-17 12:29:25.596  INFO 16972 --- [main] o.a.catalina.core.AprLifecycleListener   : The APR based Apache Tomcat Native library which allows optimal performance in production environments was not found on the java.library.path: [C:\Program Files\Java\jre1.8.0_181\bin;C:\windows\Sun\Java\bin;C:\windows\system32;C:\windows;C:/Program Files/Java/jre1.8.0_181/bin/server;C:/Program Files/Java/jre1.8.0_181/bin;C:/Program Files/Java/jre1.8.0_181/lib/amd64;C:\ProgramData\Oracle\Java\javapath;C:\Program Files (x86)\Common Files\Oracle\Java\javapath;C:\windows\system32;C:\windows;C:\windows\System32\Wbem;C:\windows\System32\WindowsPowerShell\v1.0\;C:\Program Files\Intel\WiFi\bin\;C:\Program Files\Common Files\Intel\WirelessCommon\;C:\windows\System32\WindowsPowerShell\v1.0\;C:\Program Files (x86)\Brackets\command;C:\ProgramData\chocolatey\bin;C:\windows\System32\WindowsPowerShell\v1.0\;C:\Program Files\Java\jdk1.8.0_161\bin;C:\Program Files\Apache\maven\apache-maven-3.5.3\bin;C:\Gradle\gradle-4.8\bin;C:\Spark\bin;C:\Program Files\nodejs\;C:\Program Files\Git\cmd;C:\windows\System32\WindowsPowerShell\v1.0\;C:\Program Files\MySQL\MySQL Utilities 1.6\;C:\Users\syad50\AppData\Local\atom\bin;C:\Users\syad50\AppData\Roaming\npm;C:\Users\syad50\Desktop;;.]
2019-02-17 12:29:25.784  INFO 16972 --- [main] o.a.c.c.C.[Tomcat].[localhost].[/]       : Initializing Spring embedded WebApplicationContext
2019-02-17 12:29:25.784  INFO 16972 --- [main] o.s.web.context.ContextLoader            : Root WebApplicationContext: initialization completed in 2206 ms
2019-02-17 12:29:26.254  INFO 16972 --- [main] o.s.s.concurrent.ThreadPoolTaskExecutor  : Initializing ExecutorService 'applicationTaskExecutor'
2019-02-17 12:29:26.829  INFO 16972 --- [main] o.s.b.w.embedded.tomcat.TomcatWebServer  : Tomcat started on port(s): 8080 (http) with context path ''
2019-02-17 12:29:26.832  INFO 16972 --- [main] c.p.a.ParkingLotSystemApplication        : Started ParkingLotSystemApplication in 3.831 seconds (JVM running for 4.306)
2019-02-17 12:29:26.834  INFO 16972 --- [main] c.p.a.ParkingLotSystemApplication        : App Started
2019-02-17 12:29:26.835  INFO 16972 --- [main] c.p.a.ParkingLotSystemApplication        : Info level log message
2019-02-17 12:29:26.835 ERROR 16972 --- [main] c.p.a.ParkingLotSystemApplication        : Error level log message
